<?xml version="1.0" encoding="UTF-8"?>
<testsuite name="net.corda.c5template.flows.TemplateFlowUnitTest" tests="1" skipped="0" failures="0" errors="0" timestamp="2021-11-30T00:42:46" hostname="Admins-MBP" time="2.51">
  <properties/>
  <testcase name="flowSignsStateTest()" classname="net.corda.c5template.flows.TemplateFlowUnitTest" time="2.51"/>
  <system-out><![CDATA[]]></system-out>
  <system-err><![CDATA[SLF4J: Failed to load class "org.slf4j.impl.StaticLoggerBinder".
SLF4J: Defaulting to no-operation (NOP) logger implementation
SLF4J: See http://www.slf4j.org/codes.html#StaticLoggerBinder for further details.
]]></system-err>
</testsuite>
